[debug] > Exec(early(addDefaultCommands), None, None)
[debug] > Exec(addDefaultCommands, None, None)
[debug] > Exec(early(initialize), None, None)
[debug] > Exec(initialize, None, None)
[debug] > Exec(early(addPluginSbtFile="""C:\Users\lucas\AppData\Local\Temp\idea.sbt"""), None, None)
[debug] > Exec(addPluginSbtFile="""C:\Users\lucas\AppData\Local\Temp\idea.sbt""", None, None)
[debug] > Exec(boot, None, None)
[debug] > Exec(writeSbtVersion, None, None)
[debug] > Exec(reload, None, None)
[debug] > Exec(sbtStashOnFailure, None, None)
[debug] > Exec(onFailure loadFailed, None, None)
[debug] > Exec(loadp, None, None)
[info] welcome to sbt 1.10.3 (Oracle Corporation Java 18.0.1.1)
[debug] Load.defaultLoad until apply took 238.8334ms
[debug]           Load.loadUnit: plugins took 200.0483ms
[debug]           Load.loadUnit: defsScala took 0.4431ms
[debug] [Loading] Scanning directory C:\Users\lucas\OneDrive\Desktop\EPSI\Big data\tp_BigDATA\tp_BigDATA\Scala\project
[debug]             Load.loadUnit: mkEval took 10.171ms
[debug] [Loading] Found non-root projects 
[debug] [Loading] Done in C:\Users\lucas\OneDrive\Desktop\EPSI\Big data\tp_BigDATA\tp_BigDATA\Scala\project, returning: ()
[debug] deducing auto plugins based on known facts Set(Atom(sbt.plugins.CorePlugin)) and clauses Clauses(Clause(Atom(sbt.plugins.JvmPlugin),Set(Atom(sbt.plugins.IvyPlugin)))
[debug] Clause(Atom(sbt.ScriptedPlugin),Set(Atom(sbt.plugins.JvmPlugin)))
[debug] Clause(Atom(sbt.plugins.SbtPlugin),Set(Atom(sbt.ScriptedPlugin)))
[debug] Clause(Atom(sbt.plugins.SemanticdbPlugin),Set(Atom(sbt.plugins.JvmPlugin)))
[debug] Clause(Atom(sbt.plugins.JUnitXmlReportPlugin),Set(Atom(sbt.plugins.JvmPlugin)))
[debug] Clause(Atom(sbt.plugins.MiniDependencyTreePlugin),Set(Atom(sbt.plugins.JvmPlugin)))
[debug] Clause(Atom(sbt.plugins.CorePlugin),Set(Atom(sbt.plugins.IvyPlugin)))
[debug] Clause(Atom(sbt.plugins.IvyPlugin),Set(Atom(sbt.plugins.JvmPlugin)))
[debug] Clause(Atom(sbt.plugins.JvmPlugin),Set(Atom(sbt.plugins.SemanticdbPlugin)))
[debug] Clause(Atom(sbt.plugins.JvmPlugin),Set(Atom(sbt.plugins.JUnitXmlReportPlugin)))
[debug] Clause(Atom(sbt.plugins.CorePlugin),Set(Atom(sbt.plugins.Giter8TemplatePlugin)))
[debug] Clause(Atom(sbt.plugins.JvmPlugin),Set(Atom(sbt.plugins.MiniDependencyTreePlugin))))
[debug]   :: deduced result: Matched(sbt.plugins.CorePlugin,sbt.plugins.Giter8TemplatePlugin,sbt.plugins.IvyPlugin,sbt.plugins.JvmPlugin,sbt.plugins.MiniDependencyTreePlugin,sbt.plugins.JUnitXmlReportPlugin,sbt.plugins.SemanticdbPlugin)
[debug] Plugins.deducer#function took 18.524 ms
[info] loading settings for project scala-build from idea.sbt ...
[debug]               Load.resolveProject(scala-build) took 45.83ms
[debug]             Load.loadTransitive: finalizeProject(Project(id scala-build, base: C:\Users\lucas\OneDrive\Desktop\EPSI\Big data\tp_BigDATA\tp_BigDATA\Scala\project, plugins: List(<none>))) took 71.8332ms
[debug] [Loading] Done in C:\Users\lucas\OneDrive\Desktop\EPSI\Big data\tp_BigDATA\tp_BigDATA\Scala\project, returning: (scala-build)
[debug]           Load.loadUnit: loadedProjectsRaw took 4675.6704ms
[debug]           Load.loadUnit: cleanEvalClasses took 15.7488ms
[debug]         Load.loadUnit(file:/C:/Users/lucas/OneDrive/Desktop/EPSI/Big%20data/tp_BigDATA/tp_BigDATA/Scala/project/, ...) took 4937.3456ms
[debug]       Load.apply: load took 5105.9339ms
[debug]       Load.apply: resolveProjects took 6.0706ms
[debug]       Load.apply: finalTransforms took 69.0117ms
[debug]       Load.apply: config.delegates took 12.008ms
[debug]       Load.apply: Def.make(settings)... took 550.7184ms
[debug]       Load.apply: structureIndex took 152.5468ms
[debug]       Load.apply: mkStreams took 1.8963ms
[info] loading project definition from C:\Users\lucas\OneDrive\Desktop\EPSI\Big data\tp_BigDATA\tp_BigDATA\Scala\project
[debug] Running task... Cancel: Signal, check cycles: false, forcegc: true
[debug]     Load.loadUnit: plugins took 8587.8375ms
[debug]     Load.loadUnit: defsScala took 0.0053ms
[debug] [Loading] Scanning directory C:\Users\lucas\OneDrive\Desktop\EPSI\Big data\tp_BigDATA\tp_BigDATA\Scala
[debug]       Load.loadUnit: mkEval took 0.6619ms
[debug] [Loading] Found non-root projects 
[debug] [Loading] Done in C:\Users\lucas\OneDrive\Desktop\EPSI\Big data\tp_BigDATA\tp_BigDATA\Scala, returning: ()
[debug] deducing auto plugins based on known facts Set(Atom(sbt.plugins.CorePlugin)) and clauses Clauses(Clause(Atom(sbt.plugins.JvmPlugin),Set(Atom(sbt.plugins.IvyPlugin)))
[debug] Clause(Atom(sbt.ScriptedPlugin),Set(Atom(sbt.plugins.JvmPlugin)))
[debug] Clause(Atom(sbt.plugins.SbtPlugin),Set(Atom(sbt.ScriptedPlugin)))
[debug] Clause(Atom(sbt.plugins.SemanticdbPlugin),Set(Atom(sbt.plugins.JvmPlugin)))
[debug] Clause(Atom(sbt.plugins.JUnitXmlReportPlugin),Set(Atom(sbt.plugins.JvmPlugin)))
[debug] Clause(Atom(sbt.plugins.MiniDependencyTreePlugin),Set(Atom(sbt.plugins.JvmPlugin)))
[debug] Clause(Atom(org.jetbrains.sbt.StructurePlugin),Set(Atom(sbt.plugins.JvmPlugin)))
[debug] Clause(Atom(org.jetbrains.sbt.IdeaShellPlugin),Set(Atom(sbt.plugins.JvmPlugin)))
[debug] Clause(Atom(sbt.plugins.CorePlugin),Set(Atom(sbt.plugins.IvyPlugin)))
[debug] Clause(Atom(sbt.plugins.IvyPlugin),Set(Atom(sbt.plugins.JvmPlugin)))
[debug] Clause(Atom(sbt.plugins.JvmPlugin),Set(Atom(sbt.plugins.SemanticdbPlugin)))
[debug] Clause(Atom(sbt.plugins.JvmPlugin),Set(Atom(sbt.plugins.JUnitXmlReportPlugin)))
[debug] Clause(Atom(sbt.plugins.CorePlugin),Set(Atom(sbt.plugins.Giter8TemplatePlugin)))
[debug] Clause(Atom(sbt.plugins.JvmPlugin),Set(Atom(sbt.plugins.MiniDependencyTreePlugin)))
[debug] Clause(Atom(sbt.plugins.JvmPlugin),Set(Atom(org.jetbrains.sbt.StructurePlugin)))
[debug] Clause(Atom(sbt.plugins.JvmPlugin),Set(Atom(org.jetbrains.sbt.IdeaShellPlugin))))
[debug]   :: deduced result: Matched(sbt.plugins.CorePlugin,sbt.plugins.Giter8TemplatePlugin,sbt.plugins.IvyPlugin,sbt.plugins.JvmPlugin,sbt.plugins.SemanticdbPlugin,sbt.plugins.JUnitXmlReportPlugin,org.jetbrains.sbt.IdeaShellPlugin,org.jetbrains.sbt.StructurePlugin,sbt.plugins.MiniDependencyTreePlugin)
[debug] Plugins.deducer#function took 3.3625 ms
[info] loading settings for project scala from build.sbt ...
[debug]         Load.resolveProject(scala) took 55.5122ms
[debug]       Load.loadTransitive: finalizeProject(Project(id scala, base: C:\Users\lucas\OneDrive\Desktop\EPSI\Big data\tp_BigDATA\tp_BigDATA\Scala, plugins: List(<none>))) took 59.8736ms
[debug] [Loading] Done in C:\Users\lucas\OneDrive\Desktop\EPSI\Big data\tp_BigDATA\tp_BigDATA\Scala, returning: (scala)
[debug]     Load.loadUnit: loadedProjectsRaw took 3644.9868ms
[debug]     Load.loadUnit: cleanEvalClasses took 103.6721ms
[debug]   Load.loadUnit(file:/C:/Users/lucas/OneDrive/Desktop/EPSI/Big%20data/tp_BigDATA/tp_BigDATA/Scala/, ...) took 12344.981ms
[debug] Load.apply: load took 12376.1273ms
[debug] Load.apply: resolveProjects took 0.171ms
[debug] Load.apply: finalTransforms took 44.6374ms
[debug] Load.apply: config.delegates took 0.8147ms
[debug] Load.apply: Def.make(settings)... took 251.4547ms
[debug] Load.apply: structureIndex took 63.7342ms
[debug] Load.apply: mkStreams took 0.0046ms
[info] set current project to hello (in build file:/C:/Users/lucas/OneDrive/Desktop/EPSI/Big%20data/tp_BigDATA/tp_BigDATA/Scala/)
[debug] > Exec(sbtPopOnFailure, None, None)
[debug] > Exec(resumeFromFailure, None, None)
[debug] > Exec(notifyUsersAboutShell, None, None)
[debug] > Exec(iflast shell, None, None)
[debug] > Exec(idea-shell, None, None)
